<?xml version="1.0" encoding="UTF-8"?>
<testng-results total="1" passed="1" failed="0" skipped="0">
  <reporter-output>
    <line>
      <![CDATA[No of rows7]]>
    </line>
    <line>
      <![CDATA[Login Success]]>
    </line>
    <line>
      <![CDATA[Invalid credentials]]>
    </line>
    <line>
      <![CDATA[Invalid credentials]]>
    </line>
    <line>
      <![CDATA[Login Success]]>
    </line>
    <line>
      <![CDATA[Username cannot be empty]]>
    </line>
    <line>
      <![CDATA[Password cannot be empty]]>
    </line>
    <line>
      <![CDATA[Login Success]]>
    </line>
  </reporter-output>
  <suite started-at="2024-05-08T08:13:21Z" name="Default suite" finished-at="2024-05-08T08:13:52Z" duration-ms="30147">
    <groups>
    </groups>
    <test started-at="2024-05-08T08:13:21Z" name="Default test" finished-at="2024-05-08T08:13:52Z" duration-ms="30147">
      <class name="driverFactory.DriverScript">
        <test-method is-config="true" signature="setup()[pri:0, instance:driverFactory.DriverScript@bcef303]" started-at="2024-05-08T13:43:21Z" name="setup" finished-at="2024-05-08T13:43:27Z" duration-ms="5890" status="PASS">
          <reporter-output>
          </reporter-output>
        </test-method> <!-- setup -->
        <test-method signature="starttest()[pri:0, instance:driverFactory.DriverScript@bcef303]" started-at="2024-05-08T13:43:27Z" name="starttest" finished-at="2024-05-08T13:43:51Z" duration-ms="23244" status="PASS">
          <reporter-output>
            <line>
              <![CDATA[No of rows7]]>
            </line>
            <line>
              <![CDATA[Login Success]]>
            </line>
            <line>
              <![CDATA[Invalid credentials]]>
            </line>
            <line>
              <![CDATA[Invalid credentials]]>
            </line>
            <line>
              <![CDATA[Login Success]]>
            </line>
            <line>
              <![CDATA[Username cannot be empty]]>
            </line>
            <line>
              <![CDATA[Password cannot be empty]]>
            </line>
            <line>
              <![CDATA[Login Success]]>
            </line>
          </reporter-output>
        </test-method> <!-- starttest -->
        <test-method is-config="true" signature="teardown()[pri:0, instance:driverFactory.DriverScript@bcef303]" started-at="2024-05-08T13:43:51Z" name="teardown" finished-at="2024-05-08T13:43:52Z" duration-ms="975" status="PASS">
          <reporter-output>
          </reporter-output>
        </test-method> <!-- teardown -->
      </class> <!-- driverFactory.DriverScript -->
    </test> <!-- Default test -->
  </suite> <!-- Default suite -->
</testng-results>
